<?xml version="1.0" encoding="UTF-8"?>
<!-- Generated by org.testng.reporters.JUnitReportReporter -->
<testsuite hostname="DESKTOP-FJT791A" failures="0" tests="1" name="TestSuites.TestCases" time="0.000" errors="0" timestamp="12 Apr 2022 16:21:43 GMT" skipped="1">
  <testcase classname="TestSuites.TestCases" name="bookOutstation" time="0.000">
    <skipped/>
  </testcase> <!-- bookOutstation -->
</testsuite> <!-- TestSuites.TestCases -->
