<?xml version="1.0" encoding="UTF-8"?>
<!-- Generated by org.testng.reporters.JUnitReportReporter -->
<testsuite hostname="LTIN181847" failures="0" tests="1" name="TestSuites.TestCases" time="25.287" errors="0" timestamp="18 Apr 2022 05:04:10 GMT" skipped="0">
  <testcase classname="TestSuites.TestCases" name="bookOutstation" time="25.287"/>
</testsuite> <!-- TestSuites.TestCases -->
